<?xml version="1.0" encoding="UTF-8"?>
<!-- Generated by org.testng.reporters.JUnitReportReporter -->
<testsuite skipped="0" hostname="RommelStation" name="com.au.tests.NewTest" tests="1" failures="0" timestamp="04 May 2017 20:14:33 GMT" time="44.778" errors="0">
  <testcase name="f" time="44.778" classname="com.au.tests.NewTest"/>
</testsuite> <!-- com.au.tests.NewTest -->
