<?xml version="1.0" encoding="UTF-8"?>
<!-- Generated by org.testng.reporters.JUnitReportReporter -->
<testsuite skipped="6" hostname="RommelStation" name="com.au.tests.AmaysimTest" tests="8" failures="0" timestamp="05 May 2017 18:02:02 GMT" time="109.000" errors="0">
  <testcase name="VerifyLogIn" time="42.475" classname="com.au.tests.AmaysimTest"/>
  <testcase name="VerifySelectUsageAlerts" time="66.525" classname="com.au.tests.AmaysimTest"/>
  <testcase name="VerifyselectCallWaiting" classname="com.au.tests.AmaysimTest">
    <skipped/>
  </testcase> <!-- VerifyselectCallWaiting -->
  <testcase name="validateSetNickName" classname="com.au.tests.AmaysimTest">
    <skipped/>
  </testcase> <!-- validateSetNickName -->
  <testcase name="VerifyselectVoiceMail" classname="com.au.tests.AmaysimTest">
    <skipped/>
  </testcase> <!-- VerifyselectVoiceMail -->
  <testcase name="VerifyselectCallerID" classname="com.au.tests.AmaysimTest">
    <skipped/>
  </testcase> <!-- VerifyselectCallerID -->
  <testcase name="validateEditPIN" classname="com.au.tests.AmaysimTest">
    <skipped/>
  </testcase> <!-- validateEditPIN -->
  <testcase name="VerifyselectInternationalRoaming" classname="com.au.tests.AmaysimTest">
    <skipped/>
  </testcase> <!-- VerifyselectInternationalRoaming -->
</testsuite> <!-- com.au.tests.AmaysimTest -->
