<?xml version="1.0" encoding="UTF-8"?>
<!-- Generated by org.testng.reporters.JUnitReportReporter -->
<testsuite skipped="0" hostname="RommelStation" name="com.au.tests.AmaysimTest" tests="8" failures="0" timestamp="05 May 2017 18:09:52 GMT" time="385.192" errors="0">
  <testcase name="VerifyLogIn" time="74.983" classname="com.au.tests.AmaysimTest"/>
  <testcase name="validateSetNickName" time="31.082" classname="com.au.tests.AmaysimTest"/>
  <testcase name="validateEditPIN" time="29.480" classname="com.au.tests.AmaysimTest"/>
  <testcase name="VerifyselectCallerID" time="46.283" classname="com.au.tests.AmaysimTest"/>
  <testcase name="VerifyselectCallWaiting" time="45.735" classname="com.au.tests.AmaysimTest"/>
  <testcase name="VerifyselectVoiceMail" time="45.721" classname="com.au.tests.AmaysimTest"/>
  <testcase name="VerifySelectUsageAlerts" time="66.180" classname="com.au.tests.AmaysimTest"/>
  <testcase name="VerifyselectInternationalRoaming" time="45.728" classname="com.au.tests.AmaysimTest"/>
</testsuite> <!-- com.au.tests.AmaysimTest -->
